<?xml version="1.0" encoding="UTF-8"?>
<testsuite name="com.bestbuy.testsuite.StoresTest" time="0.479" tests="6" errors="0" skipped="0" failures="0">
  <properties>
[...]
</properties>
  <testcase name="verifyNotFoundErrorMessage" classname="com.bestbuy.testsuite.StoresTest" time="0.055"/>
  <testcase name="deleteAStoreUsingId" classname="com.bestbuy.testsuite.StoresTest" time="0.163"/>
  <testcase name="getAllStores" classname="com.bestbuy.testsuite.StoresTest" time="0.059"/>
  <testcase name="UpdateAnStoreProduct" classname="com.bestbuy.testsuite.StoresTest" time="0.094"/>
  <testcase name="createAStore" classname="com.bestbuy.testsuite.StoresTest" time="0.035"/>
  <testcase name="getStoreById" classname="com.bestbuy.testsuite.StoresTest" time="0.073"/>
</testsuite>