<?xml version="1.0" encoding="UTF-8" standalone="no"?><testsuite errors="0" failures="0" name="com.bestbuy.crudtest.StoresCRUDTest" skipped="0" tests="3" time="0.17" timestamp="2024-07-18 04:43:21"><testcase classname="com.bestbuy.crudtest.StoresCRUDTest" name="This test will create a new store"/><testcase classname="com.bestbuy.crudtest.StoresCRUDTest" name="Update the product name and verify the updated information"/><testcase classname="com.bestbuy.crudtest.StoresCRUDTest" name="Delete the product and verify if the product is deleted"/></testsuite>