<?xml version="1.0" encoding="UTF-8" standalone="no"?><testsuite errors="0" failures="0" name="com.bestbuy.testsuite.StoresTest" skipped="0" tests="6" time="0.23" timestamp="2024-07-18 04:43:22"><testcase classname="com.bestbuy.testsuite.StoresTest" name="Verify 'Not found' error message with invalid endpoint"/><testcase classname="com.bestbuy.testsuite.StoresTest" name="This test will delete the store using storeId"/><testcase classname="com.bestbuy.testsuite.StoresTest" name="This test will get all stores"/><testcase classname="com.bestbuy.testsuite.StoresTest" name="This test will update a name of an existing store"/><testcase classname="com.bestbuy.testsuite.StoresTest" name="This test will create a new product"/><testcase classname="com.bestbuy.testsuite.StoresTest" name="This test will get a specific product by Id"/></testsuite>