<?xml version="1.0" encoding="UTF-8" standalone="no"?><testsuite errors="0" failures="0" name="com.bestbuy.testsuite.ProductTest" skipped="0" tests="6" time="0.61" timestamp="2024-07-18 04:43:21"><testcase classname="com.bestbuy.testsuite.ProductTest" name="Verify 'Not found' error message with invalid endpoint"/><testcase classname="com.bestbuy.testsuite.ProductTest" name="This test will get a specific product by Id"/><testcase classname="com.bestbuy.testsuite.ProductTest" name="This test will get all products information"/><testcase classname="com.bestbuy.testsuite.ProductTest" name="This test will delete the product by id"/><testcase classname="com.bestbuy.testsuite.ProductTest" name="This test will create a new product"/><testcase classname="com.bestbuy.testsuite.ProductTest" name="This test will update a name of an existing product"/></testsuite>